proguard-project.txt
# To enable ProGuard in your project, edit project.properties
# to define the proguard.config property as described in that file.
#
# Add project specific ProGuard rules here.
# By default, the flags in this file are appended to flags specified
# in ${sdk.dir}/tools/proguard/proguard-android.txt
# You can edit the include path and order by changing the ProGuard
# include property in project.properties.
#
# For more details, see
#   http://developer.android.com/guide/developing/tools/proguard.html

# Add any project specific keep options here:

# If your project uses WebView with JS, uncomment the following
# and specify the fully qualified class name to the JavaScript interface
# class:
#-keepclassmembers class fqcn.of.javascript.interface.for.webview {
#   public *;
#}
-optimizationpasses 5
-dontusemixedcaseclassnames
-dontskipnonpubliclibraryclasses
-dontpreverify
-verbose
-optimizations !code/simplification/arithmetic,!field/*,!class/merging/*

-libraryjars libs/android-support-v4.jar
-libraryjars libs/MD5.jar
-libraryjars libs/ormlite-android-4.48.jar
-libraryjars libs/ormlite-core-4.48.jar
-libraryjars libs/..\..\..\sdk\extras\android\support\v7\appcompat\libs\android-support-v7-appcompat.jar

-dontwarn android.support.v4.** 
-keep class android.support.v4.** { *; } 
-keep class * extends com.j256.ormlite.android.apptools.OrmLiteSqliteOpenHelper
-keep class * extends com.example.db.OrmLiteActionBarActivity
-keep public class com.example.bean.PasswordEntity
-keep public class org.apache.commons.codec4android.digest.DigestUtils

# OrmLite uses reflection
-keep class com.j256.**
-keepclassmembers class com.j256.** { *; }
-keep enum com.j256.**
-keepclassmembers enum com.j256.** { *; }
-keep interface com.j256.**
-keepclassmembers interface com.j256.** { *; }

# Keep the helper class and its constructor
-keep class * extends com.j256.ormlite.android.apptools.OrmLiteSqliteOpenHelper
-keepclassmembers class * extends com.j256.ormlite.android.apptools.OrmLiteSqliteOpenHelper {
  public <init>(android.content.Context);
}

# Keep the annotations
-keepattributes *Annotation*

# Keep all model classes that are used by OrmLite
# Also keep their field names and the constructor
-keep @com.j256.ormlite.table.DatabaseTable class * {
    @com.j256.ormlite.field.DatabaseField <fields>;
    @com.j256.ormlite.field.ForeignCollectionField <fields>;
    # Add the ormlite field annotations that your model uses here
    <init>();
}

-keepattributes Signature







-keep public class * extends android.app.Fragment
-keep public class * extends android.support.v4.**  
-keep public class * extends android.app.Activity
-keep public class * extends android.app.Application
-keep public class * extends android.app.Service
-keep public class * extends android.content.BroadcastReceiver
-keep public class * extends android.content.ContentProvider
-keep public class com.android.vending.licensing.ILicensingService

-keepclasseswithmembernames class * {
    native <methods>;
}

-keepclasseswithmembernames class * {
    public <init>(android.content.Context, android.util.AttributeSet);
}

-keepclasseswithmembernames class * {
    public <init>(android.content.Context, android.util.AttributeSet, int);
}

-keepclassmembers enum * {
    public static **[] values();
    public static ** valueOf(java.lang.String);
}

-keep class * implements android.os.Parcelable {
  public static final android.os.Parcelable$Creator *;
}