proguard/seeds.txt
android.support.v4.text.TextDirectionHeuristicsCompat$TextDirectionHeuristicInternal
android.support.v4.text.TextDirectionHeuristicsCompat$TextDirectionHeuristicInternal: boolean mDefaultIsRtl
android.support.v4.text.TextDirectionHeuristicsCompat$TextDirectionHeuristicInternal: TextDirectionHeuristicsCompat$TextDirectionHeuristicInternal(android.support.v4.text.TextDirectionHeuristicsCompat$TextDirectionAlgorithm,boolean)
android.support.v4.text.TextDirectionHeuristicsCompat$TextDirectionHeuristicInternal: boolean defaultIsRtl()
android.support.v4.text.TextDirectionHeuristicsCompat$TextDirectionHeuristicInternal: TextDirectionHeuristicsCompat$TextDirectionHeuristicInternal(android.support.v4.text.TextDirectionHeuristicsCompat$TextDirectionAlgorithm,boolean,android.support.v4.text.TextDirectionHeuristicsCompat$1)
android.support.v4.text.TextDirectionHeuristicsCompat$TextDirectionHeuristicLocale
android.support.v4.text.TextDirectionHeuristicsCompat$TextDirectionHeuristicLocale: android.support.v4.text.TextDirectionHeuristicsCompat$TextDirectionHeuristicLocale INSTANCE
android.support.v4.text.TextDirectionHeuristicsCompat$TextDirectionHeuristicLocale: TextDirectionHeuristicsCompat$TextDirectionHeuristicLocale()
android.support.v4.text.TextDirectionHeuristicsCompat$TextDirectionHeuristicLocale: boolean defaultIsRtl()
android.support.v4.text.TextDirectionHeuristicsCompat$TextDirectionHeuristicLocale: void <clinit>()
android.support.v4.text.TextUtilsCompat
android.support.v4.text.TextUtilsCompat: java.util.Locale ROOT
android.support.v4.text.TextUtilsCompat: java.lang.String ARAB_SCRIPT_SUBTAG
android.support.v4.text.TextUtilsCompat: java.lang.String HEBR_SCRIPT_SUBTAG
android.support.v4.text.TextUtilsCompat: TextUtilsCompat()
android.support.v4.text.TextUtilsCompat: java.lang.String htmlEncode(java.lang.String)
android.support.v4.text.TextUtilsCompat: int getLayoutDirectionFromLocale(java.util.Locale)
android.support.v4.text.TextUtilsCompat: int getLayoutDirectionFromFirstChar(java.util.Locale)
android.support.v4.text.TextUtilsCompat: void <clinit>()
android.support.v4.util.ArrayMap
android.support.v4.util.ArrayMap: android.support.v4.util.MapCollections mCollections
android.support.v4.util.ArrayMap: ArrayMap()
android.support.v4.util.ArrayMap: ArrayMap(int)
android.support.v4.util.ArrayMap: ArrayMap(android.support.v4.util.SimpleArrayMap)
android.support.v4.util.ArrayMap: android.support.v4.util.MapCollections getCollection()
android.support.v4.util.ArrayMap: boolean containsAll(java.util.Collection)
android.support.v4.util.ArrayMap: void putAll(java.util.Map)
android.support.v4.util.ArrayMap: boolean removeAll(java.util.Collection)
android.support.v4.util.ArrayMap: boolean retainAll(java.util.Collection)
android.support.v4.util.ArrayMap: java.util.Set entrySet()
android.support.v4.util.ArrayMap: java.util.Set keySet()
android.support.v4.util.ArrayMap: java.util.Collection values()
android.support.v4.util.ArrayMap$1
android.support.v4.util.ArrayMap$1: android.support.v4.util.ArrayMap this$0
android.support.v4.util.ArrayMap$1: ArrayMap$1(android.support.v4.util.ArrayMap)
android.support.v4.util.ArrayMap$1: int colGetSize()
android.support.v4.util.ArrayMap$1: java.lang.Object colGetEntry(int,int)
android.support.v4.util.ArrayMap$1: int colIndexOfKey(java.lang.Object)
android.support.v4.util.ArrayMap$1: int colIndexOfValue(java.lang.Object)
android.support.v4.util.ArrayMap$1: java.util.Map colGetMap()
android.support.v4.util.ArrayMap$1: void colPut(java.lang.Object,java.lang.Object)
android.support.v4.util.ArrayMap$1: java.lang.Object colSetValue(int,java.lang.Object)
android.support.v4.util.ArrayMap$1: void colRemoveAt(int)
android.support.v4.util.ArrayMap$1: void colClear()