proguard/mapping.txt
android.support.v4.app.NotificationCompatSideChannelService$NotificationSideChannelStub -> android.support.v4.app.NotificationCompatSideChannelService$NotificationSideChannelStub:
    android.support.v4.app.NotificationCompatSideChannelService this$0 -> this$0
    void notify(java.lang.String,int,java.lang.String,android.app.Notification) -> notify
    void cancel(java.lang.String,int,java.lang.String) -> cancel
    void cancelAll(java.lang.String) -> cancelAll
android.support.v4.app.NotificationManagerCompat -> android.support.v4.app.NotificationManagerCompat:
    java.lang.String TAG -> TAG
    java.lang.String EXTRA_USE_SIDE_CHANNEL -> EXTRA_USE_SIDE_CHANNEL
    java.lang.String ACTION_BIND_SIDE_CHANNEL -> ACTION_BIND_SIDE_CHANNEL
    int SIDE_CHANNEL_RETRY_BASE_INTERVAL_MS -> SIDE_CHANNEL_RETRY_BASE_INTERVAL_MS
    int SIDE_CHANNEL_RETRY_MAX_COUNT -> SIDE_CHANNEL_RETRY_MAX_COUNT
    java.lang.String SETTING_ENABLED_NOTIFICATION_LISTENERS -> SETTING_ENABLED_NOTIFICATION_LISTENERS
    int SIDE_CHANNEL_BIND_FLAGS -> SIDE_CHANNEL_BIND_FLAGS
    java.lang.Object sEnabledNotificationListenersLock -> sEnabledNotificationListenersLock
    java.lang.String sEnabledNotificationListeners -> sEnabledNotificationListeners
    java.util.Set sEnabledNotificationListenerPackages -> sEnabledNotificationListenerPackages
    android.content.Context mContext -> mContext
    android.app.NotificationManager mNotificationManager -> mNotificationManager
    java.lang.Object sLock -> sLock
    android.support.v4.app.NotificationManagerCompat$SideChannelManager sSideChannelManager -> sSideChannelManager
    android.support.v4.app.NotificationManagerCompat$Impl IMPL -> IMPL
    android.support.v4.app.NotificationManagerCompat from(android.content.Context) -> from
    void cancel(int) -> cancel
    void cancel(java.lang.String,int) -> cancel
    void cancelAll() -> cancelAll
    void notify(int,android.app.Notification) -> notify
android.support.v4.app.NotificationManagerCompat$CancelTask -> android.support.v4.app.NotificationManagerCompat$CancelTask:
    java.lang.String packageName -> packageName
    int id -> id
    java.lang.String tag -> tag
    boolean all -> all
    void send(android.support.v4.app.INotificationSideChannel) -> send
    java.lang.String toString() -> toString
android.support.v4.app.NotificationManagerCompat$Impl -> android.support.v4.app.NotificationManagerCompat$Impl:
    void cancelNotification(android.app.NotificationManager,java.lang.String,int) -> cancelNotification
    void postNotification(android.app.NotificationManager,java.lang.String,int,android.app.Notification) -> postNotification
    int getSideChannelBindFlags() -> getSideChannelBindFlags
android.support.v4.app.NotificationManagerCompat$ImplBase -> android.support.v4.app.NotificationManagerCompat$ImplBase:
    void cancelNotification(android.app.NotificationManager,java.lang.String,int) -> cancelNotification
    void postNotification(android.app.NotificationManager,java.lang.String,int,android.app.Notification) -> postNotification
    int getSideChannelBindFlags() -> getSideChannelBindFlags
android.support.v4.app.NotificationManagerCompat$ImplEclair -> android.support.v4.app.NotificationManagerCompat$ImplEclair:
    void cancelNotification(android.app.NotificationManager,java.lang.String,int) -> cancelNotification
    void postNotification(android.app.NotificationManager,java.lang.String,int,android.app.Notification) -> postNotification
android.support.v4.app.NotificationManagerCompat$ImplIceCreamSandwich -> android.support.v4.app.NotificationManagerCompat$ImplIceCreamSandwich:
    int getSideChannelBindFlags() -> getSideChannelBindFlags