proguard/usage.txt
org.apache.commons.codec4android.StringEncoder
org.apache.commons.codec4android.StringEncoderComparator
org.apache.commons.codec4android.binary.CharSequenceUtils
org.apache.commons.codec4android.binary.Hex:
    public static final java.lang.String DEFAULT_CHARSET_NAME
    79:96:public static byte[] decodeHex(char[])
    176:180:protected static int toDigit(char,int)
    188:191:public Hex()
    200:202:public Hex(java.nio.charset.Charset)
    215:216:public Hex(java.lang.String)
    231:231:public byte[] decode(byte[])
    249:252:public java.lang.Object decode(java.lang.Object)
    272:272:public byte[] encode(byte[])
    293:297:public java.lang.Object encode(java.lang.Object)
    308:308:public java.nio.charset.Charset getCharset()
    318:318:public java.lang.String getCharsetName()
org.apache.commons.codec4android.binary.StringUtils:
    38:38:public StringUtils()
    71:80:public static boolean equals(java.lang.CharSequence,java.lang.CharSequence)
    114:114:public static byte[] getBytesIso8859_1(java.lang.String)
    138:144:public static byte[] getBytesUnchecked(java.lang.String,java.lang.String)
    163:163:public static byte[] getBytesUsAscii(java.lang.String)
    181:181:public static byte[] getBytesUtf16(java.lang.String)
    199:199:public static byte[] getBytesUtf16Be(java.lang.String)
    217:217:public static byte[] getBytesUtf16Le(java.lang.String)
    240:240:private static java.lang.IllegalStateException newIllegalStateException(java.lang.String,java.io.UnsupportedEncodingException)
    257:257:private static java.lang.String newString(byte[],java.nio.charset.Charset)
    280:286:public static java.lang.String newString(byte[],java.lang.String)
    303:303:public static java.lang.String newStringIso8859_1(byte[])
    319:319:public static java.lang.String newStringUsAscii(byte[])
    335:335:public static java.lang.String newStringUtf16(byte[])
    351:351:public static java.lang.String newStringUtf16Be(byte[])
    367:367:public static java.lang.String newStringUtf16Le(byte[])
    383:383:public static java.lang.String newStringUtf8(byte[])
org.apache.commons.codec4android.digest.B64
org.apache.commons.codec4android.digest.Crypt
org.apache.commons.codec4android.digest.DigestUtils:
    private static final int STREAM_BUFFER_LENGTH
    50:50:private static byte[] digest(java.security.MessageDigest,java.io.InputStream)
    85:85:public static java.security.MessageDigest getMd2Digest()
    112:112:public static java.security.MessageDigest getSha1Digest()
    128:128:public static java.security.MessageDigest getSha256Digest()
    144:144:public static java.security.MessageDigest getSha384Digest()
    160:160:public static java.security.MessageDigest getSha512Digest()
    173:173:public static java.security.MessageDigest getShaDigest()
    185:185:public static byte[] md2(byte[])
    199:199:public static byte[] md2(java.io.InputStream)
    211:211:public static byte[] md2(java.lang.String)
    223:223:public static java.lang.String md2Hex(byte[])
    237:237:public static java.lang.String md2Hex(java.io.InputStream)
    249:249:public static java.lang.String md2Hex(java.lang.String)
    274:274:public static byte[] md5(java.io.InputStream)
    296:296:public static java.lang.String md5Hex(byte[])
    310:310:public static java.lang.String md5Hex(java.io.InputStream)
    334:334:public static byte[] sha(byte[])
    350:350:public static byte[] sha(java.io.InputStream)
    363:363:public static byte[] sha(java.lang.String)
    375:375:public static byte[] sha1(byte[])
    389:389:public static byte[] sha1(java.io.InputStream)
    400:400:public static byte[] sha1(java.lang.String)
org.apache.commons.codec4android.digest.HmacAlgorithms
org.apache.commons.codec4android.digest.HmacUtils
org.apache.commons.codec4android.digest.Md5Crypt
org.apache.commons.codec4android.digest.MessageDigestAlgorithms
org.apache.commons.codec4android.digest.Sha2Crypt